build/app/intermediates/manifest_merge_blame_file/debug/manifest-merger-blame-debug-report.txt
1<?xml version="1.0" encoding="utf-8"?>
2<manifest xmlns:android="http://schemas.android.com/apk/res/android"
3    package="com.LaybullEcommerce.Laybull"
4    android:versionCode="1"
5    android:versionName="1.0.0" >
6
7    <uses-sdk
8        android:minSdkVersion="22"
9        android:targetSdkVersion="31" />
10    <!--
11         Flutter needs it to communicate with the running application
12         to allow setting breakpoints, to provide hot reload, etc.
13    -->
14    <uses-permission android:name="android.permission.INTERNET" />
14-->src/main/AndroidManifest.xml:3:5-66
14-->src/main/AndroidManifest.xml:3:22-64
15    <uses-permission android:name="android.permission.READ_EXTERNAL_STORAGE" />
15-->src/main/AndroidManifest.xml:4:5-80
15-->src/main/AndroidManifest.xml:4:22-77
16    <uses-permission android:name="android.permission.WRITE_EXTERNAL_STORAGE" />
16-->src/main/AndroidManifest.xml:5:5-81
16-->src/main/AndroidManifest.xml:5:22-78
17    <uses-permission android:name="android.permission.WAKE_LOCK" />
17-->[:firebase_messaging] AndroidManifest.xml:8:5-68
17-->[:firebase_messaging] AndroidManifest.xml:8:22-65
18    <uses-permission android:name="android.permission.ACCESS_NETWORK_STATE" />
18-->[:firebase_messaging] AndroidManifest.xml:9:5-79
18-->[:firebase_messaging] AndroidManifest.xml:9:22-76
19
20    <queries>
20-->[:flutter_inappwebview] AndroidManifest.xml:7:5-11:15
21        <intent>
21-->[:flutter_inappwebview] AndroidManifest.xml:8:9-10:18
22            <action android:name="android.support.customtabs.action.CustomTabsService" />
22-->[:flutter_inappwebview] AndroidManifest.xml:9:13-90
22-->[:flutter_inappwebview] AndroidManifest.xml:9:21-87
23        </intent>
24    </queries> <!-- Required by older versions of Google Play services to create IID tokens -->
25    <uses-permission android:name="com.google.android.c2dm.permission.RECEIVE" />
25-->[com.google.firebase:firebase-messaging:23.0.4] AndroidManifest.xml:28:5-82
25-->[com.google.firebase:firebase-messaging:23.0.4] AndroidManifest.xml:28:22-79
26    <uses-permission android:name="com.google.android.gms.permission.AD_ID" />
26-->[com.google.android.gms:play-services-measurement-api:21.0.0] AndroidManifest.xml:25:5-79
26-->[com.google.android.gms:play-services-measurement-api:21.0.0] AndroidManifest.xml:25:22-76
27    <uses-permission android:name="com.google.android.finsky.permission.BIND_GET_INSTALL_REFERRER_SERVICE" />
27-->[com.google.android.gms:play-services-measurement:21.0.0] AndroidManifest.xml:26:5-110
27-->[com.google.android.gms:play-services-measurement:21.0.0] AndroidManifest.xml:26:22-107
28
29    <application
30        android:name="android.app.Application"
31        android:appComponentFactory="androidx.core.app.CoreComponentFactory"
31-->[androidx.core:core:1.8.0] AndroidManifest.xml:24:18-86
32        android:debuggable="true"
33        android:icon="@mipmap/ic_launcher"
34        android:label="Laybull" >
35        <activity
36            android:name="com.LaybullEcommerce.Laybull.MainActivity"
37            android:configChanges="orientation|keyboardHidden|keyboard|screenSize|smallestScreenSize|locale|layoutDirection|fontScale|screenLayout|density|uiMode"
38            android:exported="true"
39            android:hardwareAccelerated="true"
40            android:launchMode="singleTop"
41            android:screenOrientation="portrait"
42            android:theme="@style/LaunchTheme"
43            android:windowSoftInputMode="adjustResize" >
44
45            <!--
46                 Specifies an Android theme to apply to this Activity as soon as
47                 the Android process has started. This theme is visible to the user
48                 while the Flutter UI initializes. After that, this theme continues
49                 to determine the Window background behind the Flutter UI.
50            -->
51            <meta-data
52                android:name="io.flutter.embedding.android.NormalTheme"
53                android:resource="@style/NormalTheme" />
54
55            <intent-filter>
56                <action android:name="android.intent.action.MAIN" />
57
58                <category android:name="android.intent.category.LAUNCHER" />
59            </intent-filter>
60        </activity>
61
62        <!--
63             Don't delete the meta-data below.
64             This is used by the Flutter tool to generate GeneratedPluginRegistrant.java
65        -->
66        <meta-data
67            android:name="flutterEmbedding"
68            android:value="2" />
69
70        <service
70-->[:cloud_firestore] AndroidManifest.xml:8:9-12:19
71            android:name="com.google.firebase.components.ComponentDiscoveryService"
71-->[:cloud_firestore] AndroidManifest.xml:8:18-89
72            android:directBootAware="true"
72-->[com.google.firebase:firebase-common:20.1.1] AndroidManifest.xml:35:13-43
73            android:exported="false" >
73-->[com.google.firebase:firebase-firestore:24.1.2] AndroidManifest.xml:19:13-37
74            <meta-data
74-->[:cloud_firestore] AndroidManifest.xml:9:13-11:85
75                android:name="com.google.firebase.components:io.flutter.plugins.firebase.firestore.FlutterFirebaseFirestoreRegistrar"
75-->[:cloud_firestore] AndroidManifest.xml:10:17-134
76                android:value="com.google.firebase.components.ComponentRegistrar" />
76-->[:cloud_firestore] AndroidManifest.xml:11:17-82
77            <meta-data
77-->[:firebase_messaging] AndroidManifest.xml:34:13-36:85
78                android:name="com.google.firebase.components:io.flutter.plugins.firebase.messaging.FlutterFirebaseAppRegistrar"
78-->[:firebase_messaging] AndroidManifest.xml:35:17-128
79                android:value="com.google.firebase.components.ComponentRegistrar" />
79-->[:firebase_messaging] AndroidManifest.xml:36:17-82
80            <meta-data
80-->[:firebase_core] AndroidManifest.xml:9:13-11:85
81                android:name="com.google.firebase.components:io.flutter.plugins.firebase.core.FlutterFirebaseCoreRegistrar"
81-->[:firebase_core] AndroidManifest.xml:10:17-124
82                android:value="com.google.firebase.components.ComponentRegistrar" />
82-->[:firebase_core] AndroidManifest.xml:11:17-82
83            <meta-data
83-->[com.google.firebase:firebase-firestore:24.1.2] AndroidManifest.xml:20:13-22:85
84                android:name="com.google.firebase.components:com.google.firebase.firestore.FirestoreRegistrar"
84-->[com.google.firebase:firebase-firestore:24.1.2] AndroidManifest.xml:21:17-111
85                android:value="com.google.firebase.components.ComponentRegistrar" />
85-->[com.google.firebase:firebase-firestore:24.1.2] AndroidManifest.xml:22:17-82
86            <meta-data
86-->[com.google.firebase:firebase-messaging:23.0.4] AndroidManifest.xml:55:13-57:85
87                android:name="com.google.firebase.components:com.google.firebase.messaging.FirebaseMessagingRegistrar"
87-->[com.google.firebase:firebase-messaging:23.0.4] AndroidManifest.xml:56:17-119
88                android:value="com.google.firebase.components.ComponentRegistrar" />
88-->[com.google.firebase:firebase-messaging:23.0.4] AndroidManifest.xml:57:17-82
89            <meta-data
89-->[com.google.android.gms:play-services-measurement-api:21.0.0] AndroidManifest.xml:31:13-33:85
90                android:name="com.google.firebase.components:com.google.firebase.analytics.connector.internal.AnalyticsConnectorRegistrar"
90-->[com.google.android.gms:play-services-measurement-api:21.0.0] AndroidManifest.xml:32:17-139
91                android:value="com.google.firebase.components.ComponentRegistrar" />
91-->[com.google.android.gms:play-services-measurement-api:21.0.0] AndroidManifest.xml:33:17-82
92            <meta-data
92-->[com.google.firebase:firebase-datatransport:18.1.3] AndroidManifest.xml:28:13-30:85
93                android:name="com.google.firebase.components:com.google.firebase.datatransport.TransportRegistrar"
93-->[com.google.firebase:firebase-datatransport:18.1.3] AndroidManifest.xml:29:17-115
94                android:value="com.google.firebase.components.ComponentRegistrar" />
94-->[com.google.firebase:firebase-datatransport:18.1.3] AndroidManifest.xml:30:17-82
95            <meta-data
95-->[com.google.firebase:firebase-installations:17.0.1] AndroidManifest.xml:18:13-20:85
96                android:name="com.google.firebase.components:com.google.firebase.installations.FirebaseInstallationsRegistrar"
96-->[com.google.firebase:firebase-installations:17.0.1] AndroidManifest.xml:19:17-127
97                android:value="com.google.firebase.components.ComponentRegistrar" />
97-->[com.google.firebase:firebase-installations:17.0.1] AndroidManifest.xml:20:17-82
98        </service>
99        <service
99-->[:firebase_messaging] AndroidManifest.xml:12:9-15:72
100            android:name="io.flutter.plugins.firebase.messaging.FlutterFirebaseMessagingBackgroundService"
100-->[:firebase_messaging] AndroidManifest.xml:13:13-107
101            android:exported="false"
101-->[:firebase_messaging] AndroidManifest.xml:14:13-37
102            android:permission="android.permission.BIND_JOB_SERVICE" />
102-->[:firebase_messaging] AndroidManifest.xml:15:13-69
103        <service
103-->[:firebase_messaging] AndroidManifest.xml:16:9-22:19
104            android:name="io.flutter.plugins.firebase.messaging.FlutterFirebaseMessagingService"
104-->[:firebase_messaging] AndroidManifest.xml:17:13-97
105            android:exported="false" >
105-->[:firebase_messaging] AndroidManifest.xml:18:13-37
106            <intent-filter>
106-->[:firebase_messaging] AndroidManifest.xml:19:13-21:29
107                <action android:name="com.google.firebase.MESSAGING_EVENT" />
107-->[:firebase_messaging] AndroidManifest.xml:20:17-78
107-->[:firebase_messaging] AndroidManifest.xml:20:25-75
108            </intent-filter>
109        </service>
110
111        <receiver
111-->[:firebase_messaging] AndroidManifest.xml:24:9-31:20
112            android:name="io.flutter.plugins.firebase.messaging.FlutterFirebaseMessagingReceiver"
112-->[:firebase_messaging] AndroidManifest.xml:25:13-98
113            android:exported="true"
113-->[:firebase_messaging] AndroidManifest.xml:26:13-36
114            android:permission="com.google.android.c2dm.permission.SEND" >
114-->[:firebase_messaging] AndroidManifest.xml:27:13-73
115            <intent-filter>
115-->[:firebase_messaging] AndroidManifest.xml:28:13-30:29
116                <action android:name="com.google.android.c2dm.intent.RECEIVE" />
116-->[:firebase_messaging] AndroidManifest.xml:29:17-81
116-->[:firebase_messaging] AndroidManifest.xml:29:25-78
117            </intent-filter>
118        </receiver>
119
120        <provider
120-->[:firebase_messaging] AndroidManifest.xml:39:9-43:38
121            android:name="io.flutter.plugins.firebase.messaging.FlutterFirebaseMessagingInitProvider"
121-->[:firebase_messaging] AndroidManifest.xml:40:13-102
122            android:authorities="com.LaybullEcommerce.Laybull.flutterfirebasemessaginginitprovider"
122-->[:firebase_messaging] AndroidManifest.xml:41:13-88
123            android:exported="false"
123-->[:firebase_messaging] AndroidManifest.xml:42:13-37
124            android:initOrder="99" />
124-->[:firebase_messaging] AndroidManifest.xml:43:13-35
125        <provider
125-->[:image_picker_android] AndroidManifest.xml:8:9-16:20
126            android:name="io.flutter.plugins.imagepicker.ImagePickerFileProvider"
126-->[:image_picker_android] AndroidManifest.xml:9:13-82
127            android:authorities="com.LaybullEcommerce.Laybull.flutter.image_provider"
127-->[:image_picker_android] AndroidManifest.xml:10:13-74
128            android:exported="false"
128-->[:image_picker_android] AndroidManifest.xml:11:13-37
129            android:grantUriPermissions="true" >
129-->[:image_picker_android] AndroidManifest.xml:12:13-47
130            <meta-data
130-->[:image_picker_android] AndroidManifest.xml:13:13-15:75
131                android:name="android.support.FILE_PROVIDER_PATHS"
131-->[:image_picker_android] AndroidManifest.xml:14:17-67
132                android:resource="@xml/flutter_image_picker_file_paths" />
132-->[:image_picker_android] AndroidManifest.xml:15:17-72
133        </provider>
134
135        <activity
135-->[:url_launcher_android] AndroidManifest.xml:8:9-11:74
136            android:name="io.flutter.plugins.urllauncher.WebViewActivity"
136-->[:url_launcher_android] AndroidManifest.xml:9:13-74
137            android:exported="false"
137-->[:url_launcher_android] AndroidManifest.xml:10:13-37
138            android:theme="@android:style/Theme.NoTitleBar.Fullscreen" />
138-->[:url_launcher_android] AndroidManifest.xml:11:13-71
139        <activity
139-->[:flutter_inappwebview] AndroidManifest.xml:14:9-18:47
140            android:name="com.pichillilorenzo.flutter_inappwebview.in_app_browser.InAppBrowserActivity"
140-->[:flutter_inappwebview] AndroidManifest.xml:15:13-104
141            android:configChanges="orientation|keyboardHidden|keyboard|screenSize|locale|layoutDirection|fontScale|screenLayout|density"
141-->[:flutter_inappwebview] AndroidManifest.xml:16:13-137
142            android:exported="false"
142-->[:flutter_inappwebview] AndroidManifest.xml:17:13-37
143            android:theme="@style/AppTheme" />
143-->[:flutter_inappwebview] AndroidManifest.xml:18:13-44
144        <activity
144-->[:flutter_inappwebview] AndroidManifest.xml:19:9-22:55
145            android:name="com.pichillilorenzo.flutter_inappwebview.chrome_custom_tabs.ChromeCustomTabsActivity"
145-->[:flutter_inappwebview] AndroidManifest.xml:20:13-112
146            android:exported="false"
146-->[:flutter_inappwebview] AndroidManifest.xml:21:13-37
147            android:theme="@style/ThemeTransparent" />
147-->[:flutter_inappwebview] AndroidManifest.xml:22:13-52
148        <activity
148-->[:flutter_inappwebview] AndroidManifest.xml:23:9-26:55
149            android:name="com.pichillilorenzo.flutter_inappwebview.chrome_custom_tabs.TrustedWebActivity"
149-->[:flutter_inappwebview] AndroidManifest.xml:24:13-106
150            android:exported="false"
150-->[:flutter_inappwebview] AndroidManifest.xml:25:13-37
151            android:theme="@style/ThemeTransparent" />
151-->[:flutter_inappwebview] AndroidManifest.xml:26:13-52
152        <activity
152-->[:flutter_inappwebview] AndroidManifest.xml:27:9-31:55
153            android:name="com.pichillilorenzo.flutter_inappwebview.chrome_custom_tabs.ChromeCustomTabsActivitySingleInstance"
153-->[:flutter_inappwebview] AndroidManifest.xml:28:13-126
154            android:exported="false"
154-->[:flutter_inappwebview] AndroidManifest.xml:29:13-37
155            android:launchMode="singleInstance"
155-->[:flutter_inappwebview] AndroidManifest.xml:30:13-48
156            android:theme="@style/ThemeTransparent" />
156-->[:flutter_inappwebview] AndroidManifest.xml:31:13-52
157        <activity
157-->[:flutter_inappwebview] AndroidManifest.xml:32:9-36:55
158            android:name="com.pichillilorenzo.flutter_inappwebview.chrome_custom_tabs.TrustedWebActivitySingleInstance"
158-->[:flutter_inappwebview] AndroidManifest.xml:33:13-120
159            android:exported="false"
159-->[:flutter_inappwebview] AndroidManifest.xml:34:13-37
160            android:launchMode="singleInstance"
160-->[:flutter_inappwebview] AndroidManifest.xml:35:13-48
161            android:theme="@style/ThemeTransparent" />
161-->[:flutter_inappwebview] AndroidManifest.xml:36:13-52
162
163        <receiver
163-->[:flutter_inappwebview] AndroidManifest.xml:38:9-41:40
164            android:name="com.pichillilorenzo.flutter_inappwebview.chrome_custom_tabs.ActionBroadcastReceiver"
164-->[:flutter_inappwebview] AndroidManifest.xml:39:13-111
165            android:enabled="true"
165-->[:flutter_inappwebview] AndroidManifest.xml:40:13-35
166            android:exported="false" />
166-->[:flutter_inappwebview] AndroidManifest.xml:41:13-37
167
168        <meta-data
168-->[:flutter_inappwebview] AndroidManifest.xml:43:9-45:36
169            android:name="io.flutter.embedded_views_preview"
169-->[:flutter_inappwebview] AndroidManifest.xml:44:13-61
170            android:value="true" />
170-->[:flutter_inappwebview] AndroidManifest.xml:45:13-33
171
172        <uses-library
172-->[androidx.window:window:1.0.0-beta04] AndroidManifest.xml:25:9-27:40
173            android:name="androidx.window.extensions"
173-->[androidx.window:window:1.0.0-beta04] AndroidManifest.xml:26:13-54
174            android:required="false" />
174-->[androidx.window:window:1.0.0-beta04] AndroidManifest.xml:27:13-37
175        <uses-library
175-->[androidx.window:window:1.0.0-beta04] AndroidManifest.xml:28:9-30:40
176            android:name="androidx.window.sidecar"
176-->[androidx.window:window:1.0.0-beta04] AndroidManifest.xml:29:13-51
177            android:required="false" />
177-->[androidx.window:window:1.0.0-beta04] AndroidManifest.xml:30:13-37
178
179        <receiver
179-->[com.google.firebase:firebase-messaging:23.0.4] AndroidManifest.xml:31:9-38:20
180            android:name="com.google.firebase.iid.FirebaseInstanceIdReceiver"
180-->[com.google.firebase:firebase-messaging:23.0.4] AndroidManifest.xml:32:13-78
181            android:exported="true"
181-->[com.google.firebase:firebase-messaging:23.0.4] AndroidManifest.xml:33:13-36
182            android:permission="com.google.android.c2dm.permission.SEND" >
182-->[com.google.firebase:firebase-messaging:23.0.4] AndroidManifest.xml:34:13-73
183            <intent-filter>
183-->[:firebase_messaging] AndroidManifest.xml:28:13-30:29
184                <action android:name="com.google.android.c2dm.intent.RECEIVE" />
184-->[:firebase_messaging] AndroidManifest.xml:29:17-81
184-->[:firebase_messaging] AndroidManifest.xml:29:25-78
185            </intent-filter>
186        </receiver>
187        <!--
188             FirebaseMessagingService performs security checks at runtime,
189             but set to not exported to explicitly avoid allowing another app to call it.
190        -->
191        <service
191-->[com.google.firebase:firebase-messaging:23.0.4] AndroidManifest.xml:44:9-51:19
192            android:name="com.google.firebase.messaging.FirebaseMessagingService"
192-->[com.google.firebase:firebase-messaging:23.0.4] AndroidManifest.xml:45:13-82
193            android:directBootAware="true"
193-->[com.google.firebase:firebase-messaging:23.0.4] AndroidManifest.xml:46:13-43
194            android:exported="false" >
194-->[com.google.firebase:firebase-messaging:23.0.4] AndroidManifest.xml:47:13-37
195            <intent-filter android:priority="-500" >
195-->[:firebase_messaging] AndroidManifest.xml:19:13-21:29
196                <action android:name="com.google.firebase.MESSAGING_EVENT" />
196-->[:firebase_messaging] AndroidManifest.xml:20:17-78
196-->[:firebase_messaging] AndroidManifest.xml:20:25-75
197            </intent-filter>
198        </service>
199
200        <provider
200-->[com.google.firebase:firebase-common:20.1.1] AndroidManifest.xml:26:9-31:39
201            android:name="com.google.firebase.provider.FirebaseInitProvider"
201-->[com.google.firebase:firebase-common:20.1.1] AndroidManifest.xml:27:13-77
202            android:authorities="com.LaybullEcommerce.Laybull.firebaseinitprovider"
202-->[com.google.firebase:firebase-common:20.1.1] AndroidManifest.xml:28:13-72
203            android:directBootAware="true"
203-->[com.google.firebase:firebase-common:20.1.1] AndroidManifest.xml:29:13-43
204            android:exported="false"
204-->[com.google.firebase:firebase-common:20.1.1] AndroidManifest.xml:30:13-37
205            android:initOrder="100" />
205-->[com.google.firebase:firebase-common:20.1.1] AndroidManifest.xml:31:13-36
206
207        <receiver
207-->[com.google.android.gms:play-services-measurement:21.0.0] AndroidManifest.xml:29:9-33:20
208            android:name="com.google.android.gms.measurement.AppMeasurementReceiver"
208-->[com.google.android.gms:play-services-measurement:21.0.0] AndroidManifest.xml:30:13-85
209            android:enabled="true"
209-->[com.google.android.gms:play-services-measurement:21.0.0] AndroidManifest.xml:31:13-35
210            android:exported="false" >
210-->[com.google.android.gms:play-services-measurement:21.0.0] AndroidManifest.xml:32:13-37
211        </receiver>
212
213        <service
213-->[com.google.android.gms:play-services-measurement:21.0.0] AndroidManifest.xml:35:9-38:40
214            android:name="com.google.android.gms.measurement.AppMeasurementService"
214-->[com.google.android.gms:play-services-measurement:21.0.0] AndroidManifest.xml:36:13-84
215            android:enabled="true"
215-->[com.google.android.gms:play-services-measurement:21.0.0] AndroidManifest.xml:37:13-35
216            android:exported="false" />
216-->[com.google.android.gms:play-services-measurement:21.0.0] AndroidManifest.xml:38:13-37
217        <service
217-->[com.google.android.gms:play-services-measurement:21.0.0] AndroidManifest.xml:39:9-43:72
218            android:name="com.google.android.gms.measurement.AppMeasurementJobService"
218-->[com.google.android.gms:play-services-measurement:21.0.0] AndroidManifest.xml:40:13-87
219            android:enabled="true"
219-->[com.google.android.gms:play-services-measurement:21.0.0] AndroidManifest.xml:41:13-35
220            android:exported="false"
220-->[com.google.android.gms:play-services-measurement:21.0.0] AndroidManifest.xml:42:13-37
221            android:permission="android.permission.BIND_JOB_SERVICE" />
221-->[com.google.android.gms:play-services-measurement:21.0.0] AndroidManifest.xml:43:13-69
222
223        <activity
223-->[com.google.android.gms:play-services-base:18.0.1] AndroidManifest.xml:20:9-22:45
224            android:name="com.google.android.gms.common.api.GoogleApiActivity"
224-->[com.google.android.gms:play-services-base:18.0.1] AndroidManifest.xml:20:19-85
225            android:exported="false"
225-->[com.google.android.gms:play-services-base:18.0.1] AndroidManifest.xml:22:19-43
226            android:theme="@android:style/Theme.Translucent.NoTitleBar" />
226-->[com.google.android.gms:play-services-base:18.0.1] AndroidManifest.xml:21:19-78
227
228        <meta-data
228-->[com.google.android.gms:play-services-basement:18.0.0] AndroidManifest.xml:21:9-23:69
229            android:name="com.google.android.gms.version"
229-->[com.google.android.gms:play-services-basement:18.0.0] AndroidManifest.xml:22:13-58
230            android:value="@integer/google_play_services_version" />
230-->[com.google.android.gms:play-services-basement:18.0.0] AndroidManifest.xml:23:13-66
231
232        <service
232-->[com.google.android.datatransport:transport-backend-cct:3.1.4] AndroidManifest.xml:29:9-35:19
233            android:name="com.google.android.datatransport.runtime.backends.TransportBackendDiscovery"
233-->[com.google.android.datatransport:transport-backend-cct:3.1.4] AndroidManifest.xml:30:13-103
234            android:exported="false" >
234-->[com.google.android.datatransport:transport-backend-cct:3.1.4] AndroidManifest.xml:31:13-37
235            <meta-data
235-->[com.google.android.datatransport:transport-backend-cct:3.1.4] AndroidManifest.xml:32:13-34:39
236                android:name="backend:com.google.android.datatransport.cct.CctBackendFactory"
236-->[com.google.android.datatransport:transport-backend-cct:3.1.4] AndroidManifest.xml:33:17-94
237                android:value="cct" />
237-->[com.google.android.datatransport:transport-backend-cct:3.1.4] AndroidManifest.xml:34:17-36
238        </service>
239        <service
239-->[com.google.android.datatransport:transport-runtime:3.1.4] AndroidManifest.xml:26:9-30:19
240            android:name="com.google.android.datatransport.runtime.scheduling.jobscheduling.JobInfoSchedulerService"
240-->[com.google.android.datatransport:transport-runtime:3.1.4] AndroidManifest.xml:27:13-117
241            android:exported="false"
241-->[com.google.android.datatransport:transport-runtime:3.1.4] AndroidManifest.xml:28:13-37
242            android:permission="android.permission.BIND_JOB_SERVICE" >
242-->[com.google.android.datatransport:transport-runtime:3.1.4] AndroidManifest.xml:29:13-69
243        </service>
244
245        <receiver
245-->[com.google.android.datatransport:transport-runtime:3.1.4] AndroidManifest.xml:32:9-34:40
246            android:name="com.google.android.datatransport.runtime.scheduling.jobscheduling.AlarmManagerSchedulerBroadcastReceiver"
246-->[com.google.android.datatransport:transport-runtime:3.1.4] AndroidManifest.xml:33:13-132
247            android:exported="false" />
247-->[com.google.android.datatransport:transport-runtime:3.1.4] AndroidManifest.xml:34:13-37
248
249        <provider
249-->[androidx.emoji2:emoji2:1.2.0] AndroidManifest.xml:24:9-32:20
250            android:name="androidx.startup.InitializationProvider"
250-->[androidx.emoji2:emoji2:1.2.0] AndroidManifest.xml:25:13-67
251            android:authorities="com.LaybullEcommerce.Laybull.androidx-startup"
251-->[androidx.emoji2:emoji2:1.2.0] AndroidManifest.xml:26:13-68
252            android:exported="false" >
252-->[androidx.emoji2:emoji2:1.2.0] AndroidManifest.xml:27:13-37
253            <meta-data
253-->[androidx.emoji2:emoji2:1.2.0] AndroidManifest.xml:29:13-31:52
254                android:name="androidx.emoji2.text.EmojiCompatInitializer"
254-->[androidx.emoji2:emoji2:1.2.0] AndroidManifest.xml:30:17-75
255                android:value="androidx.startup" />
255-->[androidx.emoji2:emoji2:1.2.0] AndroidManifest.xml:31:17-49
256            <meta-data
256-->[androidx.lifecycle:lifecycle-process:2.4.1] AndroidManifest.xml:31:13-33:52
257                android:name="androidx.lifecycle.ProcessLifecycleInitializer"
257-->[androidx.lifecycle:lifecycle-process:2.4.1] AndroidManifest.xml:32:17-78
258                android:value="androidx.startup" />
258-->[androidx.lifecycle:lifecycle-process:2.4.1] AndroidManifest.xml:33:17-49
259        </provider>
260    </application>
261
262</manifest>